This is pdfTeX, Version 3.141592653-2.6-1.40.22 (MiKTeX 21.2) (preloaded format=pdflatex 2021.3.1)  28 MAY 2021 23:42
entering extended mode
**./Report.tex
(Report.tex
LaTeX2e <2020-10-01> patch level 4
L3 programming layer <2021-02-18> xparse <2020-03-03>
(C:\Users\AKIF\AppData\Local\Programs\MiKTeX 2.9\tex/latex/base\article.cls
Document Class: article 2020/04/10 v1.4m Standard LaTeX document class
(C:\Users\AKIF\AppData\Local\Programs\MiKTeX 2.9\tex/latex/base\size10.clo
File: size10.clo 2020/04/10 v1.4m Standard LaTeX file (size option)
)
\c@part=\count179
\c@section=\count180
\c@subsection=\count181
\c@subsubsection=\count182
\c@paragraph=\count183
\c@subparagraph=\count184
\c@figure=\count185
\c@table=\count186
\abovecaptionskip=\skip47
\belowcaptionskip=\skip48
\bibindent=\dimen138
)
(C:\Users\AKIF\AppData\Local\Programs\MiKTeX 2.9\tex/latex/base\inputenc.sty
Package: inputenc 2020/08/01 v1.3d Input encoding file
\inpenc@prehook=\toks15
\inpenc@posthook=\toks16
)
(C:\Users\AKIF\AppData\Local\Programs\MiKTeX 2.9\tex/latex/geometry\geometry.st
y
Package: geometry 2020/01/02 v5.9 Page Geometry

(C:\Users\AKIF\AppData\Local\Programs\MiKTeX 2.9\tex/latex/graphics\keyval.sty
Package: keyval 2014/10/28 v1.15 key=value parser (DPC)
\KV@toks@=\toks17
) (C:\Users\AKIF\AppData\Local\Programs\MiKTeX 2.9\tex/generic/iftex\ifvtex.sty
Package: ifvtex 2019/10/25 v1.7 ifvtex legacy package. Use iftex instead.

(C:\Users\AKIF\AppData\Local\Programs\MiKTeX 2.9\tex/generic/iftex\iftex.sty
Package: iftex 2020/03/06 v1.0d TeX engine tests
))
\Gm@cnth=\count187
\Gm@cntv=\count188
\c@Gm@tempcnt=\count189
\Gm@bindingoffset=\dimen139
\Gm@wd@mp=\dimen140
\Gm@odd@mp=\dimen141
\Gm@even@mp=\dimen142
\Gm@layoutwidth=\dimen143
\Gm@layoutheight=\dimen144
\Gm@layouthoffset=\dimen145
\Gm@layoutvoffset=\dimen146
\Gm@dimlist=\toks18

(C:\Users\AKIF\AppData\Local\Programs\MiKTeX 2.9\tex/latex/geometry\geometry.cf
g))
(C:\Users\AKIF\AppData\Local\Programs\MiKTeX 2.9\tex/latex/fancyhdr\fancyhdr.st
y
Package: fancyhdr 2021/01/28 v4.0.1 Extensive control of page headers and foote
rs
\f@nch@headwidth=\skip49
\f@nch@O@elh=\skip50
\f@nch@O@erh=\skip51
\f@nch@O@olh=\skip52
\f@nch@O@orh=\skip53
\f@nch@O@elf=\skip54
\f@nch@O@erf=\skip55
\f@nch@O@olf=\skip56
\f@nch@O@orf=\skip57
)
(C:\Users\AKIF\AppData\Local\Programs\MiKTeX 2.9\tex/latex/graphics\graphicx.st
y
Package: graphicx 2020/09/09 v1.2b Enhanced LaTeX Graphics (DPC,SPQR)

(C:\Users\AKIF\AppData\Local\Programs\MiKTeX 2.9\tex/latex/graphics\graphics.st
y
Package: graphics 2020/08/30 v1.4c Standard LaTeX Graphics (DPC,SPQR)
 (C:\Users\AKIF\AppData\Local\Programs\MiKTeX 2.9\tex/latex/graphics\trig.sty
Package: trig 2016/01/03 v1.10 sin cos tan (DPC)
)
(C:\Users\AKIF\AppData\Local\Programs\MiKTeX 2.9\tex/latex/graphics-cfg\graphic
s.cfg
File: graphics.cfg 2016/06/04 v1.11 sample graphics configuration
)
Package graphics Info: Driver file: pdftex.def on input line 105.

(C:\Users\AKIF\AppData\Local\Programs\MiKTeX 2.9\tex/latex/graphics-def\pdftex.
def
File: pdftex.def 2020/10/05 v1.2a Graphics/color driver for pdftex
))
\Gin@req@height=\dimen147
\Gin@req@width=\dimen148
)
(C:\Users\AKIF\AppData\Local\Programs\MiKTeX 2.9\tex/latex/float\float.sty
Package: float 2001/11/08 v1.3d Float enhancements (AL)
\c@float@type=\count190
\float@exts=\toks19
\float@box=\box47
\@float@everytoks=\toks20
\@floatcapt=\box48
)
(C:\Users\AKIF\AppData\Local\Programs\MiKTeX 2.9\tex/latex/subfig\subfig.sty
Package: subfig 2005/06/28 ver: 1.3 subfig package

(C:\Users\AKIF\AppData\Local\Programs\MiKTeX 2.9\tex/latex/caption\caption.sty
Package: caption 2020/10/26 v3.5g Customizing captions (AR)

(C:\Users\AKIF\AppData\Local\Programs\MiKTeX 2.9\tex/latex/caption\caption3.sty
Package: caption3 2020/10/21 v2.2e caption3 kernel (AR)
\captionmargin=\dimen149
\captionmargin@=\dimen150
\captionwidth=\dimen151
\caption@tempdima=\dimen152
\caption@indent=\dimen153
\caption@parindent=\dimen154
\caption@hangindent=\dimen155
Package caption Info: Standard document class detected.
)
\c@caption@flags=\count191
\c@continuedfloat=\count192
Package caption Info: float package is loaded.
)
\c@KVtest=\count193
\sf@farskip=\skip58
\sf@captopadj=\dimen156
\sf@capskip=\skip59
\sf@nearskip=\skip60
\c@subfigure=\count194
\c@subfigure@save=\count195
\c@lofdepth=\count196
\c@subtable=\count197
\c@subtable@save=\count198
\c@lotdepth=\count199
\sf@top=\skip61
\sf@bottom=\skip62
)
(C:\Users\AKIF\AppData\Local\Programs\MiKTeX 2.9\tex/latex/amsfonts\amssymb.sty
Package: amssymb 2013/01/14 v3.01 AMS font symbols

(C:\Users\AKIF\AppData\Local\Programs\MiKTeX 2.9\tex/latex/amsfonts\amsfonts.st
y
Package: amsfonts 2013/01/14 v3.01 Basic AMSFonts support
\@emptytoks=\toks21
\symAMSa=\mathgroup4
\symAMSb=\mathgroup5
LaTeX Font Info:    Redeclaring math symbol \hbar on input line 98.
LaTeX Font Info:    Overwriting math alphabet `\mathfrak' in version `bold'
(Font)                  U/euf/m/n --> U/euf/b/n on input line 106.
))
(C:\Users\AKIF\AppData\Local\Programs\MiKTeX 2.9\tex/latex/xcolor\xcolor.sty
Package: xcolor 2016/05/11 v2.12 LaTeX color extensions (UK)

(C:\Users\AKIF\AppData\Local\Programs\MiKTeX 2.9\tex/latex/graphics-cfg\color.c
fg
File: color.cfg 2016/01/02 v1.6 sample color configuration
)
Package xcolor Info: Driver file: pdftex.def on input line 225.
Package xcolor Info: Model `cmy' substituted by `cmy0' on input line 1348.
Package xcolor Info: Model `hsb' substituted by `rgb' on input line 1352.
Package xcolor Info: Model `RGB' extended on input line 1364.
Package xcolor Info: Model `HTML' substituted by `rgb' on input line 1366.
Package xcolor Info: Model `Hsb' substituted by `hsb' on input line 1367.
Package xcolor Info: Model `tHsb' substituted by `hsb' on input line 1368.
Package xcolor Info: Model `HSB' substituted by `hsb' on input line 1369.
Package xcolor Info: Model `Gray' substituted by `gray' on input line 1370.
Package xcolor Info: Model `wave' substituted by `hsb' on input line 1371.
)
(C:\Users\AKIF\AppData\Local\Programs\MiKTeX 2.9\tex/latex/listings\listings.st
y
\lst@mode=\count266
\lst@gtempboxa=\box49
\lst@token=\toks22
\lst@length=\count267
\lst@currlwidth=\dimen157
\lst@column=\count268
\lst@pos=\count269
\lst@lostspace=\dimen158
\lst@width=\dimen159
\lst@newlines=\count270
\lst@lineno=\count271
\lst@maxwidth=\dimen160

(C:\Users\AKIF\AppData\Local\Programs\MiKTeX 2.9\tex/latex/listings\lstmisc.sty
File: lstmisc.sty 2020/03/24 1.8d (Carsten Heinz)
\c@lstnumber=\count272
\lst@skipnumbers=\count273
\lst@framebox=\box50
)
(C:\Users\AKIF\AppData\Local\Programs\MiKTeX 2.9\tex/latex/listings\listings.cf
g
File: listings.cfg 2020/03/24 1.8d listings configuration
))
Package: listings 2020/03/24 1.8d (Carsten Heinz)

(C:\Users\AKIF\AppData\Local\Programs\MiKTeX 2.9\tex/latex/l3backend\l3backend-
pdftex.def
File: l3backend-pdftex.def 2021-02-18 L3 backend support: PDF output (pdfTeX)
\l__color_backend_stack_int=\count274
\l__pdf_internal_box=\box51
) (Report.aux

LaTeX Warning: Label `' multiply defined.


LaTeX Warning: Label `' multiply defined.


LaTeX Warning: Label `' multiply defined.


LaTeX Warning: Label `' multiply defined.


LaTeX Warning: Label `' multiply defined.


LaTeX Warning: Label `' multiply defined.


LaTeX Warning: Label `' multiply defined.

)
\openout1 = `Report.aux'.

LaTeX Font Info:    Checking defaults for OML/cmm/m/it on input line 58.
LaTeX Font Info:    ... okay on input line 58.
LaTeX Font Info:    Checking defaults for OMS/cmsy/m/n on input line 58.
LaTeX Font Info:    ... okay on input line 58.
LaTeX Font Info:    Checking defaults for OT1/cmr/m/n on input line 58.
LaTeX Font Info:    ... okay on input line 58.
LaTeX Font Info:    Checking defaults for T1/cmr/m/n on input line 58.
LaTeX Font Info:    ... okay on input line 58.
LaTeX Font Info:    Checking defaults for TS1/cmr/m/n on input line 58.
LaTeX Font Info:    ... okay on input line 58.
LaTeX Font Info:    Checking defaults for OMX/cmex/m/n on input line 58.
LaTeX Font Info:    ... okay on input line 58.
LaTeX Font Info:    Checking defaults for U/cmr/m/n on input line 58.
LaTeX Font Info:    ... okay on input line 58.

*geometry* driver: auto-detecting
*geometry* detected driver: pdftex
*geometry* verbose mode - [ preamble ] result:
* driver: pdftex
* paper: <default>
* layout: <same size as paper>
* layoutoffset:(h,v)=(0.0pt,0.0pt)
* modes: includefoot 
* h-part:(L,W,R)=(72.26999pt, 469.75502pt, 72.26999pt)
* v-part:(T,H,B)=(72.26999pt, 650.43001pt, 72.26999pt)
* \paperwidth=614.295pt
* \paperheight=794.96999pt
* \textwidth=469.75502pt
* \textheight=620.43001pt
* \oddsidemargin=0.0pt
* \evensidemargin=0.0pt
* \topmargin=-37.0pt
* \headheight=12.0pt
* \headsep=25.0pt
* \topskip=10.0pt
* \footskip=30.0pt
* \marginparwidth=65.0pt
* \marginparsep=11.0pt
* \columnsep=10.0pt
* \skip\footins=9.0pt plus 4.0pt minus 2.0pt
* \hoffset=0.0pt
* \voffset=0.0pt
* \mag=1000
* \@twocolumnfalse
* \@twosidefalse
* \@mparswitchfalse
* \@reversemarginfalse
* (1in=72.27pt=25.4mm, 1cm=28.453pt)


(C:\Users\AKIF\AppData\Local\Programs\MiKTeX 2.9\tex/context/base/mkii\supp-pdf
.mkii
[Loading MPS to PDF converter (version 2006.09.02).]
\scratchcounter=\count275
\scratchdimen=\dimen161
\scratchbox=\box52
\nofMPsegments=\count276
\nofMParguments=\count277
\everyMPshowfont=\toks23
\MPscratchCnt=\count278
\MPscratchDim=\dimen162
\MPnumerator=\count279
\makeMPintoPDFobject=\count280
\everyMPtoPDFconversion=\toks24
)
(C:\Users\AKIF\AppData\Local\Programs\MiKTeX 2.9\tex/latex/epstopdf-pkg\epstopd
f-base.sty
Package: epstopdf-base 2020-01-24 v2.11 Base part for package epstopdf
Package epstopdf-base Info: Redefining graphics rule for `.eps' on input line 4
85.
)
Package caption Info: Begin \AtBeginDocument code.
Package caption Info: subfig package v1.3 is loaded.
Package caption Info: listings package is loaded.
Package caption Info: End \AtBeginDocument code.
\c@lstlisting=\count281
 [1

{C:/Users/AKIF/AppData/Local/MiKTeX/2.9/pdftex/config/pdftex.map}]
<11.JPG, id=7, 399.74344pt x 316.18124pt>
File: 11.JPG Graphic file (type jpg)
<use 11.JPG>
Package pdftex.def Info: 11.JPG  used on input line 91.
(pdftex.def)             Requested size: 433.64394pt x 325.2361pt.

Underfull \hbox (badness 10000) in paragraph at lines 87--94

 []

[1

 <./11.JPG>]
<9.JPG, id=13, 414.04688pt x 413.29407pt>
File: 9.JPG Graphic file (type jpg)
<use 9.JPG>
Package pdftex.def Info: 9.JPG  used on input line 99.
(pdftex.def)             Requested size: 433.63115pt x 325.21854pt.
<12.JPG, id=14, 371.88937pt x 199.49532pt>
File: 12.JPG Graphic file (type jpg)
<use 12.JPG>
Package pdftex.def Info: 12.JPG  used on input line 109.
(pdftex.def)             Requested size: 361.36212pt x 397.53456pt.

Underfull \hbox (badness 10000) in paragraph at lines 105--112

 []

[2

 <./9.JPG>]
<13.JPG, id=18, 317.68687pt x 40.65187pt>
File: 13.JPG Graphic file (type jpg)
<use 13.JPG>
Package pdftex.def Info: 13.JPG  used on input line 118.
(pdftex.def)             Requested size: 433.65778pt x 57.82033pt.

Underfull \hbox (badness 10000) in paragraph at lines 114--121

 []

[3 <./12.JPG> <./13.JPG>]
<7.JPG, id=22, 351.56343pt x 718.18312pt>
File: 7.JPG Graphic file (type jpg)
<use 7.JPG>
Package pdftex.def Info: 7.JPG  used on input line 128.
(pdftex.def)             Requested size: 199.16478pt x 469.76135pt.
<8.JPG, id=23, 328.97906pt x 358.33875pt>
File: 8.JPG Graphic file (type jpg)
<use 8.JPG>
Package pdftex.def Info: 8.JPG  used on input line 130.
(pdftex.def)             Requested size: 227.6283pt x 469.78807pt.

Underfull \hbox (badness 10000) in paragraph at lines 124--132

 []

[4

 <./7.JPG> <./8.JPG>]
File: 9.JPG Graphic file (type jpg)
<use 9.JPG>
Package pdftex.def Info: 9.JPG  used on input line 137.
(pdftex.def)             Requested size: 227.6254pt x 433.63103pt.
<10.JPG, id=28, 301.125pt x 559.33969pt>
File: 10.JPG Graphic file (type jpg)
<use 10.JPG>
Package pdftex.def Info: 10.JPG  used on input line 139.
(pdftex.def)             Requested size: 199.17502pt x 433.6374pt.

Underfull \hbox (badness 10000) in paragraph at lines 134--141

 []


Underfull \hbox (badness 10000) in paragraph at lines 134--141

 []


Underfull \hbox (badness 10000) in paragraph at lines 142--144

 []

[5

 <./10.JPG>]
<14.JPG, id=32, 334.24875pt x 607.51968pt>
File: 14.JPG Graphic file (type jpg)
<use 14.JPG>
Package pdftex.def Info: 14.JPG  used on input line 153.
(pdftex.def)             Requested size: 199.17372pt x 397.48798pt.
<15.JPG, id=33, 276.28218pt x 347.04657pt>
File: 15.JPG Graphic file (type jpg)
<use 15.JPG>
Package pdftex.def Info: 15.JPG  used on input line 155.
(pdftex.def)             Requested size: 199.16751pt x 397.5012pt.

Underfull \hbox (badness 10000) in paragraph at lines 149--157

 []


Underfull \hbox (badness 10000) in paragraph at lines 149--157

 []

[6

 <./14.JPG> <./15.JPG>]
<16.JPG, id=38, 362.85562pt x 592.46344pt>
File: 16.JPG Graphic file (type jpg)
<use 16.JPG>
Package pdftex.def Info: 16.JPG  used on input line 162.
(pdftex.def)             Requested size: 199.17256pt x 433.63379pt.
<17.JPG, id=39, 371.13657pt x 606.01407pt>
File: 17.JPG Graphic file (type jpg)
<use 17.JPG>
Package pdftex.def Info: 17.JPG  used on input line 164.
(pdftex.def)             Requested size: 199.17053pt x 433.62042pt.

Underfull \hbox (badness 10000) in paragraph at lines 159--166

 []


Underfull \hbox (badness 10000) in paragraph at lines 167--171

 []

[7

 <./16.JPG> <./17.JPG>]
Underfull \hbox (badness 10000) in paragraph at lines 172--173

 []

<18.JPG, id=43, 536.0025pt x 448.67625pt>
File: 18.JPG Graphic file (type jpg)
<use 18.JPG>
Package pdftex.def Info: 18.JPG  used on input line 176.
(pdftex.def)             Requested size: 361.34442pt x 397.49951pt.
[8

 <./18.JPG>]
<19.JPG, id=47, 252.19218pt x 581.17125pt>
File: 19.JPG Graphic file (type jpg)
<use 19.JPG>
Package pdftex.def Info: 19.JPG  used on input line 185.
(pdftex.def)             Requested size: 199.1719pt x 433.62491pt.
<20.JPG, id=48, 365.86688pt x 624.08156pt>
File: 20.JPG Graphic file (type jpg)
<use 20.JPG>
Package pdftex.def Info: 20.JPG  used on input line 187.
(pdftex.def)             Requested size: 199.16739pt x 433.62592pt.

Underfull \hbox (badness 10000) in paragraph at lines 189--193

 []

[9

 <./19.JPG> <./20.JPG>]
<30.JPG, id=52, 314.67563pt x 603.0028pt>
File: 30.JPG Graphic file (type jpg)
<use 30.JPG>
Package pdftex.def Info: 30.JPG  used on input line 199.
(pdftex.def)             Requested size: 199.16858pt x 397.47702pt.
<31.JPG, id=53, 267.24844pt x 508.90125pt>
File: 31.JPG Graphic file (type jpg)
<use 31.JPG>
Package pdftex.def Info: 31.JPG  used on input line 201.
(pdftex.def)             Requested size: 199.17577pt x 397.50047pt.

Underfull \hbox (badness 10000) in paragraph at lines 195--203

 []


Underfull \hbox (badness 10000) in paragraph at lines 195--203

 []

[10

 <./30.JPG> <./31.JPG>]
<32.JPG, id=57, 360.59718pt x 622.57594pt>
File: 32.JPG Graphic file (type jpg)
<use 32.JPG>
Package pdftex.def Info: 32.JPG  used on input line 208.
(pdftex.def)             Requested size: 199.1654pt x 433.62474pt.
<33.JPG, id=58, 362.10281pt x 610.53094pt>
File: 33.JPG Graphic file (type jpg)
<use 33.JPG>
Package pdftex.def Info: 33.JPG  used on input line 210.
(pdftex.def)             Requested size: 199.17372pt x 433.63837pt.

Underfull \hbox (badness 10000) in paragraph at lines 205--212

 []

[11

 <./32.JPG> <./33.JPG>]
Underfull \hbox (badness 10000) in paragraph at lines 216--217

 []

<24.JPG, id=62, 423.08063pt x 387.69844pt>
File: 24.JPG Graphic file (type jpg)
<use 24.JPG>
Package pdftex.def Info: 24.JPG  used on input line 220.
(pdftex.def)             Requested size: 361.36327pt x 397.49403pt.
[12

 <./24.JPG>]
<25.JPG, id=67, 195.73125pt x 663.98062pt>
File: 25.JPG Graphic file (type jpg)
<use 25.JPG>
Package pdftex.def Info: 25.JPG  used on input line 229.
(pdftex.def)             Requested size: 199.1803pt x 505.89694pt.
<26.JPG, id=68, 263.48438pt x 368.87813pt>
File: 26.JPG Graphic file (type jpg)
<use 26.JPG>
Package pdftex.def Info: 26.JPG  used on input line 231.
(pdftex.def)             Requested size: 199.17673pt x 505.88907pt.
 [13

 <./25.JPG> <./26.JPG>]
Underfull \hbox (badness 10000) in paragraph at lines 236--238

 []

LaTeX Font Info:    Trying to load font information for U+msa on input line 239
.
(C:\Users\AKIF\AppData\Local\Programs\MiKTeX 2.9\tex/latex/amsfonts\umsa.fd
File: umsa.fd 2013/01/14 v3.01 AMS symbols A
)
LaTeX Font Info:    Trying to load font information for U+msb on input line 239
.

(C:\Users\AKIF\AppData\Local\Programs\MiKTeX 2.9\tex/latex/amsfonts\umsb.fd
File: umsb.fd 2013/01/14 v3.01 AMS symbols B
)
<35.JPG, id=72, 896.59969pt x 492.33937pt>
File: 35.JPG Graphic file (type jpg)
<use 35.JPG>
Package pdftex.def Info: 35.JPG  used on input line 249.
(pdftex.def)             Requested size: 505.88203pt x 361.3655pt.

Overfull \hbox (36.12701pt too wide) in paragraph at lines 249--250
 [][] 
 []


Underfull \hbox (badness 10000) in paragraph at lines 244--252

 []


Underfull \hbox (badness 10000) in paragraph at lines 244--252

 []

[14

 <./35.JPG>]
<34.JPG, id=77, 394.47375pt x 699.36281pt>
File: 34.JPG Graphic file (type jpg)
<use 34.JPG>
Package pdftex.def Info: 34.JPG  used on input line 263.
(pdftex.def)             Requested size: 361.34924pt x 433.6218pt.

Underfull \hbox (badness 10000) in paragraph at lines 257--266

 []

[15 <./34.JPG>]
<36.JPG, id=81, 234.8775pt x 142.28156pt>
File: 36.JPG Graphic file (type jpg)
<use 36.JPG>
Package pdftex.def Info: 36.JPG  used on input line 273.
(pdftex.def)             Requested size: 199.17015pt x 144.55428pt.
<37.JPG, id=82, 438.13687pt x 170.88844pt>
File: 37.JPG Graphic file (type jpg)
<use 37.JPG>
Package pdftex.def Info: 37.JPG  used on input line 275.
(pdftex.def)             Requested size: 199.17207pt x 144.54921pt.
 [16 <./36.JPG> <./37.JPG>] (Report.aux)

LaTeX Warning: There were multiply-defined labels.

 ) 
Here is how much of TeX's memory you used:
 5804 strings out of 479372
 87815 string characters out of 2857149
 382085 words of memory out of 3000000
 23171 multiletter control sequences out of 15000+200000
 407548 words of font info for 43 fonts, out of 3000000 for 9000
 1141 hyphenation exceptions out of 8191
 71i,11n,79p,227b,383s stack positions out of 5000i,500n,10000p,200000b,50000s
<C:/Users/AKIF/AppData/Local/Programs/MiKTeX 2.9/fonts/type1/public/amsfonts/
cm/cmbx10.pfb><C:/Users/AKIF/AppData/Local/Programs/MiKTeX 2.9/fonts/type1/publ
ic/amsfonts/cm/cmbx12.pfb><C:/Users/AKIF/AppData/Local/Programs/MiKTeX 2.9/font
s/type1/public/amsfonts/cm/cmcsc10.pfb><C:/Users/AKIF/AppData/Local/Programs/Mi
KTeX 2.9/fonts/type1/public/amsfonts/cm/cmr10.pfb><C:/Users/AKIF/AppData/Local/
Programs/MiKTeX 2.9/fonts/type1/public/amsfonts/cm/cmr8.pfb><C:/Users/AKIF/AppD
ata/Local/Programs/MiKTeX 2.9/fonts/type1/public/amsfonts/symbols/msam10.pfb>
Output written on Report.pdf (17 pages, 1133961 bytes).
PDF statistics:
 106 PDF objects out of 1000 (max. 8388607)
 0 named destinations out of 1000 (max. 500000)
 126 words of extra memory for PDF output out of 10000 (max. 10000000)

